c:\users\kenny\desktop\vj\vj_lab\2dgamedev\02-bubble\02-bubble\debug\vc140.pdb
c:\users\kenny\desktop\vj\vj_lab\2dgamedev\02-bubble\02-bubble\debug\vc140.idb
c:\users\kenny\desktop\vj\vj_lab\2dgamedev\02-bubble\02-bubble\debug\audioengine.obj
c:\users\kenny\desktop\vj\vj_lab\2dgamedev\02-bubble\02-bubble\debug\ball.obj
c:\users\kenny\desktop\vj\vj_lab\2dgamedev\02-bubble\02-bubble\debug\coin.obj
c:\users\kenny\desktop\vj\vj_lab\2dgamedev\02-bubble\02-bubble\debug\game.obj
c:\users\kenny\desktop\vj\vj_lab\2dgamedev\02-bubble\02-bubble\debug\player.obj
c:\users\kenny\desktop\vj\vj_lab\2dgamedev\02-bubble\02-bubble\debug\police.obj
c:\users\kenny\desktop\vj\vj_lab\2dgamedev\02-bubble\02-bubble\debug\quad.obj
c:\users\kenny\desktop\vj\vj_lab\2dgamedev\02-bubble\02-bubble\debug\scene.obj
c:\users\kenny\desktop\vj\vj_lab\2dgamedev\02-bubble\02-bubble\debug\scorebar.obj
c:\users\kenny\desktop\vj\vj_lab\2dgamedev\02-bubble\02-bubble\debug\shader.obj
c:\users\kenny\desktop\vj\vj_lab\2dgamedev\02-bubble\02-bubble\debug\shaderprogram.obj
c:\users\kenny\desktop\vj\vj_lab\2dgamedev\02-bubble\02-bubble\debug\sprite.obj
c:\users\kenny\desktop\vj\vj_lab\2dgamedev\02-bubble\02-bubble\debug\text.obj
c:\users\kenny\desktop\vj\vj_lab\2dgamedev\02-bubble\02-bubble\debug\texture.obj
c:\users\kenny\desktop\vj\vj_lab\2dgamedev\02-bubble\02-bubble\debug\texturedquad.obj
c:\users\kenny\desktop\vj\vj_lab\2dgamedev\02-bubble\02-bubble\debug\tilemap.obj
c:\users\kenny\desktop\vj\vj_lab\2dgamedev\02-bubble\02-bubble\debug\main.obj
c:\users\kenny\desktop\vj\vj_lab\2dgamedev\02-bubble\debug\02-bubble.pdb
c:\users\kenny\desktop\vj\vj_lab\2dgamedev\02-bubble\02-bubble\debug\02-bubble.tlog\cl.command.1.tlog
c:\users\kenny\desktop\vj\vj_lab\2dgamedev\02-bubble\02-bubble\debug\02-bubble.tlog\cl.read.1.tlog
c:\users\kenny\desktop\vj\vj_lab\2dgamedev\02-bubble\02-bubble\debug\02-bubble.tlog\cl.write.1.tlog
c:\users\kenny\desktop\vj\vj_lab\2dgamedev\02-bubble\02-bubble\debug\02-bubble.tlog\link-cvtres.read.1.tlog
c:\users\kenny\desktop\vj\vj_lab\2dgamedev\02-bubble\02-bubble\debug\02-bubble.tlog\link-cvtres.write.1.tlog
c:\users\kenny\desktop\vj\vj_lab\2dgamedev\02-bubble\02-bubble\debug\02-bubble.tlog\link-rc.read.1.tlog
c:\users\kenny\desktop\vj\vj_lab\2dgamedev\02-bubble\02-bubble\debug\02-bubble.tlog\link-rc.write.1.tlog
c:\users\kenny\desktop\vj\vj_lab\2dgamedev\02-bubble\02-bubble\debug\02-bubble.tlog\link.command.1.tlog
c:\users\kenny\desktop\vj\vj_lab\2dgamedev\02-bubble\02-bubble\debug\02-bubble.tlog\link.read.1.tlog
c:\users\kenny\desktop\vj\vj_lab\2dgamedev\02-bubble\02-bubble\debug\02-bubble.tlog\link.write.1.tlog
